# JRE version: Java(TM) SE Runtime Environment (11.0+28) (build 11+28)
# Java VM: Java HotSpot(TM) 64-Bit Server VM (11+28, mixed mode, tiered, compressed oops, g1 gc, windows-amd64)
Heap:
 garbage-first heap   total 262144K, used 28159K [0x0000000701a00000, 0x0000000800000000)
  region size 1024K, 20 young (20480K), 5 survivors (5120K)
 Metaspace       used 31015K, capacity 31634K, committed 31872K, reserved 1077248K
  class space    used 3611K, capacity 3885K, committed 3968K, reserved 1048576K
GC Heap History (8 events):
Event: 1.662 GC heap before
{Heap before GC invocations=0 (full 0):
 garbage-first heap   total 262144K, used 25600K [0x0000000701a00000, 0x0000000800000000)
  region size 1024K, 24 young (24576K), 0 survivors (0K)
 Metaspace       used 11500K, capacity 11679K, committed 11776K, reserved 1060864K
  class space    used 1120K, capacity 1189K, committed 1280K, reserved 1048576K
}
Event: 1.679 GC heap after
{Heap after GC invocations=1 (full 0):
 garbage-first heap   total 262144K, used 9347K [0x0000000701a00000, 0x0000000800000000)
  region size 1024K, 3 young (3072K), 3 survivors (3072K)
 Metaspace       used 11500K, capacity 11679K, committed 11776K, reserved 1060864K
  class space    used 1120K, capacity 1189K, committed 1280K, reserved 1048576K
}
Event: 2.599 GC heap before
{Heap before GC invocations=1 (full 0):
 garbage-first heap   total 262144K, used 26755K [0x0000000701a00000, 0x0000000800000000)
  region size 1024K, 20 young (20480K), 3 survivors (3072K)
 Metaspace       used 14944K, capacity 15143K, committed 15232K, reserved 1062912K
  class space    used 1512K, capacity 1575K, committed 1664K, reserved 1048576K
}
Event: 2.612 GC heap after
{Heap after GC invocations=2 (full 0):
 garbage-first heap   total 262144K, used 10396K [0x0000000701a00000, 0x0000000800000000)
  region size 1024K, 1 young (1024K), 1 survivors (1024K)
 Metaspace       used 14944K, capacity 15143K, committed 15232K, reserved 1062912K
  class space    used 1512K, capacity 1575K, committed 1664K, reserved 1048576K
}
Event: 4.533 GC heap before
{Heap before GC invocations=2 (full 0):
 garbage-first heap   total 262144K, used 48284K [0x0000000701a00000, 0x0000000800000000)
  region size 1024K, 39 young (39936K), 1 survivors (1024K)
 Metaspace       used 20808K, capacity 21175K, committed 21248K, reserved 1069056K
  class space    used 2386K, capacity 2504K, committed 2560K, reserved 1048576K
}
Event: 4.549 GC heap after
{Heap after GC invocations=3 (full 0):
 garbage-first heap   total 262144K, used 11710K [0x0000000701a00000, 0x0000000800000000)
  region size 1024K, 3 young (3072K), 3 survivors (3072K)
 Metaspace       used 20808K, capacity 21175K, committed 21248K, reserved 1069056K
  class space    used 2386K, capacity 2504K, committed 2560K, reserved 1048576K
}
Event: 6.288 GC heap before
{Heap before GC invocations=4 (full 0):
 garbage-first heap   total 262144K, used 65982K [0x0000000701a00000, 0x0000000800000000)
  region size 1024K, 57 young (58368K), 3 survivors (3072K)
 Metaspace       used 29590K, capacity 30168K, committed 30336K, reserved 1075200K
  class space    used 3457K, capacity 3708K, committed 3712K, reserved 1048576K
}
Event: 6.302 GC heap after
{Heap after GC invocations=5 (full 0):
 garbage-first heap   total 262144K, used 13823K [0x0000000701a00000, 0x0000000800000000)
  region size 1024K, 5 young (5120K), 5 survivors (5120K)
 Metaspace       used 29590K, capacity 30168K, committed 30336K, reserved 1075200K
  class space    used 3457K, capacity 3708K, committed 3712K, reserved 1048576K
}

